
> temp_app@0.1.0 build
> next build

??Warning: Next.js inferred your workspace root, but it may not be correct.
 We detected multiple lockfiles and selected the directory of C:\workspace\package-lock.json as the root directory.
 To silence this warning, set `turbopack.root` in your Next.js config, or consider removing one of the lockfiles if it's not needed.
   See https://nextjs.org/docs/app/api-reference/config/next-config-js/turbopack#root-directory for more information.
 Detected additional lockfiles: 
   * C:\workspace\antigravity\ValueOn\package-lock.json

??Next.js 16.1.6 (Turbopack)

  Creating an optimized production build ...
??Compiled successfully in 2.8s
  Running TypeScript ...
Failed to compile.

./components/advanced-mode/advanced-input-section.tsx:38:38
Type error: Cannot find name 'unitAllocations'.

  36 |                     category={cat}
  37 |                     projectTarget={projectTarget}
> 38 |                     unitAllocations={unitAllocations}
     |                                      ^
  39 |                     unitTypes={unitTypes}
  40 |                     onUpdateItem={updateCategoryItem}
  41 |                     onUpdateItemBasis={updateCategoryItemBasis}
Next.js build worker exited with code: 1 and signal: null
